<?xml version="1.0" encoding="UTF-8"?>
<!-- Generated by org.testng.reporters.JUnitReportReporter -->
<testsuite hostname="DILIP-DEB" name="com.tavant.JavaTestNGTest" tests="1" failures="0" timestamp="11 Aug 2014 06:40:52 GMT" time="0.010" errors="0">
  <testcase name="sumab" time="0.010" classname="com.tavant.JavaTestNGTest"/>
</testsuite> <!-- com.tavant.JavaTestNGTest -->
