<?xml version="1.0" encoding="UTF-8"?>
<!-- Generated by org.testng.reporters.JUnitReportReporter -->
<testsuite hostname="DILIP-DEB" name="com.tavant.JavaTestNGTest1" tests="1" failures="0" timestamp="11 Aug 2014 06:40:52 GMT" time="0.001" errors="0">
  <testcase name="sumab" time="0.001" classname="com.tavant.JavaTestNGTest1"/>
</testsuite> <!-- com.tavant.JavaTestNGTest1 -->
